                     0  0.000000000000000E+000
 -1.879056776817440E-002 -2.926226588138195E-002 -5.277169984364610E-002
 -6.302956147886622E-002 -8.672138537823729E-002 -9.683459292540711E-002
 -0.120645913680124      -9.545284749306484E-003 -2.567107091282850E-002
 -4.353899544113039E-002 -5.941949858578447E-002 -7.752641682477819E-002
 -9.317421556691656E-002 -0.111507548900250      -2.207987594427505E-002
 -3.867736022100461E-002 -5.616163695056436E-002 -7.233773757949517E-002
 -9.023710864867757E-002 -0.105998114937986      -0.124312580346791     
 -2.267599561688442E-002 -5.714886295339507E-002 -4.097916839913757E-002
 -9.081699230893105E-002 -0.124201190543054      -0.120856967345279     
 -0.131328665458487      -0.154838099420751      -0.165095961055971     
 -0.188787784955342      -0.198900992502512      -0.222712313257229     
 -0.111611684326411      -0.127737470489933      -0.145605395018235     
 -0.161485898162889      -0.179592816401883      -0.195240615144021     
 -0.213573948477355      -0.124146275521380      -0.140743759798109     
 -0.158228036527669      -0.174404137156600      -0.192303508225782     
 -0.208064514515090      -0.226378979923895      -0.124742395193989     
 -0.159215262530500      -0.143045567976242      -0.192883391886036     
 -0.226267590120159       0.432837495781871       0.422365797668664     
  0.398856363706400       0.388598502071179       0.364906678171808     
  0.354793470624639       0.330982149869922       0.442082778800739     
  0.425956992637217       0.408089068108915       0.392208564964261     
  0.374101646725268       0.358453847983129       0.340120514649796     
  0.429548187605771       0.412950703329041       0.395466426599482     
  0.379290325970551       0.361390954901368       0.345629948612060     
  0.327315483203255       0.428952067933161       0.394479200596651     
  0.410648895150908       0.360811071241115       0.327426873006991     
 -0.478244889284598      -0.488716587397806       0.487773978639930     
  0.477516117004710       0.453824293105339       0.443711085558169     
  0.419899764803452      -0.468999606265730      -0.485125392429252     
  0.497006683042446       0.481126179897792       0.463019261658798     
  0.447371462916660       0.429038129583326      -0.481534197460699     
 -0.498131681737428       0.484384041533012       0.468207940904081     
  0.450308569834899       0.434547563545591       0.416233098136786     
 -0.482130317133308       0.483396815530181       0.499566510084439     
  0.449728686174645       0.416344487940522      -0.277766215744319     
 -0.288237913857527      -0.311747347819791      -0.322005209455011     
 -0.345697033354382      -0.355810240901552      -0.379621561656269     
 -0.268520932725452      -0.284646718888974      -0.302514643417276     
 -0.318395146561930      -0.336502064800923      -0.352149863543062     
 -0.370483196876395      -0.281055523920420      -0.297653008197150     
 -0.315137284926709      -0.331313385555640      -0.349212756624823     
 -0.364973762914131      -0.383288228322936      -0.281651643593030     
 -0.316124510929540      -0.299954816375283      -0.349792640285076     
 -0.383176838519199       0.484213149866189       0.473741451752981     
  0.450232017790717       0.439974156155497       0.416282332256126     
  0.406169124708956       0.382357803954239       0.493458432885056     
  0.477332646721534       0.459464722193233       0.443584219048578     
  0.425477300809585       0.409829502067446       0.391496168734113     
  0.480923841690088       0.464326357413358       0.446842080683799     
  0.430665980054868       0.412766608985685       0.397005602696377     
  0.378691137287572       0.480327722017478       0.445854854680968     
  0.462024549235225       0.412186725325432       0.378802527091309     
 -3.949673755070970E-002 -1.975459918592983E-002 -1.766654887146442E-002
  2.591312763755708E-003  4.207664965013568E-003  2.489948886438464E-002
  2.611961465054816E-002 -3.949673755070970E-002 -2.816969352555247E-002
 -1.759736648152731E-002 -5.874096041275739E-003  4.308293895831178E-003
  1.642150144300099E-002  2.622024358136577E-002 -3.045271239347699E-002
 -2.045271239347700E-002 -8.672838179640518E-003  1.962381946145644E-003
  1.310074672601986E-002  2.439005490212049E-002  3.488062093985634E-002
 -1.490260428279933E-002 -2.670979376196656E-002  1.231556600898332E-002
 -3.792718799250832E-003  1.925365255405017E-002  0.113329276029640     
  0.133071414394419       0.135159464708885       0.155417326344105     
  0.157033678545363       0.177725502444734       0.178945628230897     
  0.113329276029640       0.124656320054797       0.135228647098822     
  0.146951917539074       0.157134307476180       0.169247515023350     
  0.179046257161715       0.122373301186872       0.132373301186872     
  0.144153175400709       0.154788395526495       0.165926760306369     
  0.177216068482470       0.187706634520206       0.137923409297550     
  0.126116219818383       0.165141579589333       0.149033294781098     
  0.172079666134399       0.498758886707369      -0.481498974927851     
 -0.479410924613386      -0.459153062978166      -0.457536710776908     
 -0.436844886877537      -0.435624761091373       0.498758886707369     
 -0.489914069267474      -0.479341742223449      -0.467618471783197     
 -0.457436081846090      -0.445322874298921      -0.435524132160556     
 -0.492197088135398      -0.482197088135398      -0.470417213921562     
 -0.459781993795776      -0.448643629015902      -0.437354320839801     
 -0.426863754802065      -0.476646980024721      -0.488454169503888     
 -0.449428809732938      -0.465537094541172      -0.442490723187871     
 -0.359050656836038      -0.339308518471258      -0.337220468156793     
 -0.316962606521572      -0.315346254320315      -0.294654430420944     
 -0.293434304634780      -0.359050656836038      -0.347723612810881     
 -0.337151285766855      -0.325428015326604      -0.315245625389497     
 -0.303132417842327      -0.293333675703962      -0.350006631678805     
 -0.340006631678805      -0.328226757464969      -0.317591537339183     
 -0.306453172559308      -0.295163864383208      -0.284673298345472     
 -0.334456523568128      -0.346263713047295      -0.307238353276345     
 -0.323346638084579      -0.300300266731278      -5.300019404524956E-002
 -3.325805568046969E-002 -3.117000536600428E-002 -1.091214373078415E-002
 -9.295791529526289E-003  1.139603236984479E-002  1.261615815600830E-002
 -5.300019404524956E-002 -4.167315002009232E-002 -3.110082297606717E-002
 -1.937755253581560E-002 -9.195162598708678E-003  2.918044948461135E-003
  1.271678708682591E-002 -4.395616888801685E-002 -3.395616888801685E-002
 -2.217629467418037E-002 -1.154107454839421E-002 -4.027097685199975E-004
  1.088659840758063E-002  2.137716444531649E-002 -2.840606077733918E-002
 -4.021325025650642E-002 -1.187890485556538E-003 -1.729617529379069E-002
  5.750196059510312E-003  0.452957190784140       0.472699329148920     
  0.474787379463385       0.495045241098606       0.496661593299863     
 -0.482646582800766      -0.481426457014602       0.452957190784140     
  0.464284234809297       0.474856561853323       0.486579832293574     
  0.496762222230681      -0.491124570222149      -0.481325828083784     
  0.462001215941373       0.472001215941373       0.483781090155209     
  0.494416310280996      -0.494445324939130      -0.483156016763029     
 -0.472665450725294       0.477551324052051       0.465744134572884     
 -0.495230505656167       0.488661209535599      -0.488292419111100     
  0.452981689690138       0.444497412960578       0.448277287174415     
  0.440811878369383       0.443541438117811       0.437145211702717     
  0.438793010444855       0.452981689690138       0.445855903526616     
  0.448742695979446       0.441698670822214       0.444484834344226     
  0.437566595350515       0.440201815476302       0.452981689690138     
  0.442648356356805       0.448799299753031       0.438440809186993     
  0.444585463275044       0.434264708558062       0.440333890948000     
  0.434918527840603       0.461374921027903       0.438466250200896     
  0.452368148415381       0.448456343883129      -0.482516773269752     
 -0.491001049999312      -0.487221175785476      -0.494686584590507     
 -0.491957024842079      -0.498353251257174      -0.496705452515035     
 -0.482516773269752      -0.489642559433274      -0.486755766980444     
 -0.493799792137677      -0.491013628615664      -0.497931867609375     
 -0.495296647483589      -0.482516773269752      -0.492850106603086     
 -0.486699163206859      -0.497057653772897      -0.490912999684847     
  0.498766245598172      -0.495164572011891       0.499420064880713     
 -0.474123541931988      -0.497032212758994      -0.483130314544509     
 -0.487042119076762      -0.409779748604530      -0.418264025334090     
 -0.414484151120254      -0.421949559925285      -0.419220000176858     
 -0.425616226591952      -0.423968427849813      -0.409779748604530     
 -0.416905534768052      -0.414018742315222      -0.421062767472455     
 -0.418276603950442      -0.425194842944153      -0.422559622818367     
 -0.409779748604530      -0.420113081937864      -0.413962138541637     
 -0.424320629107675      -0.418175975019625      -0.428496729736606     
 -0.422427547346669      -0.427842910454065      -0.401386517266766     
 -0.424295188093772      -0.410393289879287      -0.414305094411540     
  0.265743867617913       0.257259590888353       0.261039465102189     
  0.253574056297158       0.256303616045585       0.249907389630491     
  0.251555188372629       0.265743867617913       0.258618081454390     
  0.261504873907221       0.254460848749988       0.257247012272001     
  0.250328773278290       0.252963993404076       0.265743867617913     
  0.255410534284579       0.261561477680806       0.251202987114768     
  0.257347641202818       0.247026886485837       0.253096068875774     
  0.247680705768378       0.274137098955677       0.251228428128671     
  0.265130326343156       0.261218521810903      -0.372366758236832     
 -0.380851034966392      -0.377071160752556      -0.384536569557587     
 -0.381807009809159      -0.388203236224254      -0.386555437482115     
 -0.372366758236832      -0.379492544400354      -0.376605751947524     
 -0.383649777104757      -0.380863613582744      -0.387781852576455     
 -0.385146632450669      -0.372366758236832      -0.382700091570166     
 -0.376549148173939      -0.386907638739977      -0.380762984651927     
 -0.391083739368908      -0.385014556978971      -0.390429920086367     
 -0.363973526899067      -0.386882197726074      -0.372980299511589     
 -0.376892104043842      -0.303443658772597      -0.311927935502157     
 -0.308148061288320      -0.315613470093352      -0.312883910344924     
 -0.319280136760018      -0.317632338017880      -0.303443658772597     
 -0.310569444936119      -0.307682652483289      -0.314726677640521     
 -0.311940514118509      -0.318858753112220      -0.316223532986434     
 -0.303443658772597      -0.313776992105930      -0.307626048709704     
 -0.317984539275742      -0.311839885187691      -0.322160639904672     
 -0.316091457514735      -0.321506820622132      -0.295050427434832     
 -0.317959098261839      -0.304057200047354      -0.307969004579606     
