           1           0
           2           0
           3           0
           4           0
           5   909521458
           6       13619
           7           0
           8           0
           9           0
          10           0
          11           0
          12           0
          13           0
          14           0
          15           0
          16           0
          17           0
          18           0
          19           0
          20           0
          21           0
          22           0
          23           0
          24           0
          25  1414680390
          26          54
          85           0
          86           0
          87           0
          88           0
          89           0
          90           0
          91           0
          92           0
          93           0
          94           0
          95           0
          96           0
          97           0
          98           0
          99           0
         100           0
         101           0
         102           0
         103           0
         104           0
         105           0
         106           0
         107           0
         108           0
         109           0
         110           0
