           1           2
           2           2
           3           2
           4           2
           5           2
           6           2
           7           2
           8           1
           9           1
          10           1
          11           1
          12           1
          13           1
          14           1
          15           4
          16           4
          17           4
          18           4
          19           4
          20           4
          21           4
          22           9
          23          28
          24          23
          25          27
          26          28
          27           9
          28          18
          29           2
          30           2
          31           2
          32           2
          33           2
          34           2
          35           2
          36           1
          37           1
          38           1
          39           1
          40           1
          41           1
          42           1
          43           4
          44           4
          45           4
          46           4
          47           4
          48           4
          49           4
          50           9
          51          28
          52          23
          53          27
          54          28
          55           9
          56          18
          57           2
          58           2
          59           2
          60           2
          61           2
          62           2
          63           2
          64           1
          65           1
          66           1
          67           1
          68           1
          69           1
          70           1
          71           4
          72           4
          73           4
          74           4
          75           4
          76           4
          77           4
          78           9
          79          28
          80          23
          81          27
          82          28
          83           9
          84          18
           1           2
           2           2
           3           2
           4           2
           5           2
           6           2
           7           2
           8           1
           9           1
          10           1
          11           1
          12           1
          13           1
          14           1
          15           4
          16           4
          17           4
          18           4
          19           4
          20           4
          21           4
          22           9
          23          28
          24          23
          25          27
          26          28
          27           9
          28          18
          29           2
          30           2
          31           2
          32           2
          33           2
          34           2
          35           2
          36           1
          37           1
          38           1
          39           1
          40           1
          41           1
          42           1
          43           4
          44           4
          45           4
          46           4
          47           4
          48           4
          49           4
          50           9
          51          28
          52          23
          53          27
          54          28
          55           9
          56          18
          57           2
          58           2
          59           2
          60           2
          61           2
          62           2
          63           2
          64           1
          65           1
          66           1
          67           1
          68           1
          69           1
          70           1
          71           4
          72           4
          73           4
          74           4
          75           4
          76           4
          77           4
          78           9
          79          28
          80          23
          81          27
          82          28
          83           9
          84          18
