           1           2  0.866000000000000     
           2           2  0.866000000000000     
           3           2  0.866000000000000     
           4           2  0.866000000000000     
           5           2  0.866000000000000     
           6           2  0.866000000000000     
           7           2  0.866000000000000     
           8           1  0.999000000000000     
           9           1  0.999000000000000     
          10           1  0.999000000000000     
          11           1  0.999000000000000     
          12           1  0.999000000000000     
          13           1  0.999000000000000     
          14           1  0.999000000000000     
          15           4   1.86300000000000     
          16           4   1.86300000000000     
          17           4   1.86300000000000     
          18           4   1.86300000000000     
          19           4   1.86300000000000     
          20           4   1.86300000000000     
          21           4   1.86300000000000     
          22           9  6.700000000000000E-002
          23          28   2.86600000000000     
          24          23   3.79900000000000     
          25          27   7.12600000000000     
          26          28   2.86600000000000     
          27           9  6.700000000000000E-002
          28          18   2.06400000000000     
          29           2  0.866000000000000     
          30           2  0.866000000000000     
          31           2  0.866000000000000     
          32           2  0.866000000000000     
          33           2  0.866000000000000     
          34           2  0.866000000000000     
          35           2  0.866000000000000     
          36           1  0.999000000000000     
          37           1  0.999000000000000     
          38           1  0.999000000000000     
          39           1  0.999000000000000     
          40           1  0.999000000000000     
          41           1  0.999000000000000     
          42           1  0.999000000000000     
          43           4   1.86300000000000     
          44           4   1.86300000000000     
          45           4   1.86300000000000     
          46           4   1.86300000000000     
          47           4   1.86300000000000     
          48           4   1.86300000000000     
          49           4   1.86300000000000     
          50           9  6.700000000000000E-002
          51          28   2.86600000000000     
          52          23   3.79900000000000     
          53          27   7.12600000000000     
          54          28   2.86600000000000     
          55           9  6.700000000000000E-002
          56          18   2.06400000000000     
          57           2  0.866000000000000     
          58           2  0.866000000000000     
          59           2  0.866000000000000     
          60           2  0.866000000000000     
          61           2  0.866000000000000     
          62           2  0.866000000000000     
          63           2  0.866000000000000     
          64           1  0.999000000000000     
          65           1  0.999000000000000     
          66           1  0.999000000000000     
          67           1  0.999000000000000     
          68           1  0.999000000000000     
          69           1  0.999000000000000     
          70           1  0.999000000000000     
          71           4   1.86300000000000     
          72           4   1.86300000000000     
          73           4   1.86300000000000     
          74           4   1.86300000000000     
          75           4   1.86300000000000     
          76           4   1.86300000000000     
          77           4   1.86300000000000     
          78           9  6.700000000000000E-002
          79          28   2.86600000000000     
          80          23   3.79900000000000     
          81          27   7.12600000000000     
          82          28   2.86600000000000     
          83           9  6.700000000000000E-002
          84          18   2.06400000000000     
          85           2  0.866000000000000     
          86           2  0.866000000000000     
          87           2  0.866000000000000     
          88           2  0.866000000000000     
          89           2  0.866000000000000     
          90           2  0.866000000000000     
          91           2  0.866000000000000     
          92           1  0.999000000000000     
          93           1  0.999000000000000     
          94           1  0.999000000000000     
          95           1  0.999000000000000     
          96           1  0.999000000000000     
          97           1  0.999000000000000     
          98           1  0.999000000000000     
          99           4   1.86300000000000     
         100           4   1.86300000000000     
         101           4   1.86300000000000     
         102           4   1.86300000000000     
         103           4   1.86300000000000     
         104           4   1.86300000000000     
         105           4   1.86300000000000     
         106           9  6.700000000000000E-002
         107          28   2.86600000000000     
         108          23   3.79900000000000     
         109          27   7.12600000000000     
         110          28   2.86600000000000     
         111           9  6.700000000000000E-002
         112          18   2.06400000000000     
         113           2  0.866000000000000     
         114           2  0.866000000000000     
         115           2  0.866000000000000     
         116           2  0.866000000000000     
         117           2  0.866000000000000     
         118           2  0.866000000000000     
         119           2  0.866000000000000     
         120           1  0.999000000000000     
         121           1  0.999000000000000     
         122           1  0.999000000000000     
         123           1  0.999000000000000     
         124           1  0.999000000000000     
         125           1  0.999000000000000     
         126           1  0.999000000000000     
         127           4   1.86300000000000     
         128           4   1.86300000000000     
         129           4   1.86300000000000     
         130           4   1.86300000000000     
         131           4   1.86300000000000     
         132           4   1.86300000000000     
         133           4   1.86300000000000     
         134           9  6.700000000000000E-002
         135          28   2.86600000000000     
         136          23   3.79900000000000     
         137          27   7.12600000000000     
         138          28   2.86600000000000     
         139           9  6.700000000000000E-002
         140          18   2.06400000000000     
         141           2  0.866000000000000     
         142           2  0.866000000000000     
         143           2  0.866000000000000     
         144           2  0.866000000000000     
         145           2  0.866000000000000     
         146           2  0.866000000000000     
         147           2  0.866000000000000     
         148           1  0.999000000000000     
         149           1  0.999000000000000     
         150           1  0.999000000000000     
         151           1  0.999000000000000     
         152           1  0.999000000000000     
         153           1  0.999000000000000     
         154           1  0.999000000000000     
         155           4   1.86300000000000     
         156           4   1.86300000000000     
         157           4   1.86300000000000     
         158           4   1.86300000000000     
         159           4   1.86300000000000     
         160           4   1.86300000000000     
         161           4   1.86300000000000     
         162           9  6.700000000000000E-002
         163          28   2.86600000000000     
         164          23   3.79900000000000     
         165          27   7.12600000000000     
         166          28   2.86600000000000     
         167           9  6.700000000000000E-002
         168          18   2.06400000000000     
