           1   24.9391000102054     
           2   54.2101853111760     
           3   71.7263063581177     
           4   95.8205854759390     
           5   108.622863522559     
           6   158.720773062301     
           7   181.723908177555     
           8   193.122278030665     
           9   209.547183225032     
          10   240.376282850720     
          11   269.766549845673     
          12   281.477288466246     
          13   328.360556687661     
          14   341.577919368323     
          15   353.683507697671     
          16   375.172496383220     
          17   379.937069031079     
          18   403.636277096041     
          19   424.990927844824     
          20   437.639960398210     
          21   447.258991667213     
          23   472.581524535468     
          24   474.759258187345     
          25   478.015113034733     
          26   492.690800495741     
          28   518.687368631855     
          29   551.604038457362     
          30   574.947404555381     
          31   615.951446068651     
          32   637.720424656815     
          33   670.763649786547     
          34   704.009724143526     
          35   721.276448042131     
          36   768.245109775554     
          37   787.046485025264     
          38   810.646547930633     
          39   812.610998037111     
          40   825.201106731817     
          41   837.999495252716     
          42   848.588963862668     
          43   866.609740425982     
          44   889.190563721938     
          45   911.989480864571     
          46   925.622327425098     
          47   945.977527323961     
          48   948.970703976716     
          49   955.114432179938     
          51   958.824265480021     
          52   965.104012606676     
          53   966.949827449513     
          54   976.767258479918     
          56   990.217703234832     
          57   1028.26091225897     
          58   1071.74318839965     
          59   1075.15643863454     
          60   1083.26612570149     
          61   1093.51335512338     
          62   1103.40507740765     
          63   1125.58574879076     
          64   1132.12684989648     
          65   1155.08866405540     
          66   1167.62198808034     
          67   1181.28864093986     
          68   1200.17093703758     
          69   1203.58367819029     
          70   1252.83521267424     
          71   1269.33389148951     
          72   1271.63952436530     
          73   1280.67228964998     
          74   1284.65565530635     
          75   1292.31872942731     
          76   1306.74972471297     
          77   1323.01515243302     
          79   1329.12992751081     
          80   1349.76227484098     
          81   1350.86106046122     
          82   1356.15302986726     
          84   1363.93049755945     
          85   1408.20211922950     
          86   1432.23904599460     
          87   1452.91319463511     
          88   1497.93120904989     
          89   1520.95897039542     
          90   1563.78111396084     
          91   1592.31883801860     
          92   1617.89252725255     
          93   1669.73963688998     
          94   1687.61623688445     
          95   1723.18263969171     
          96   1771.37760026690     
          97   1783.08339290351     
          98   1803.76111990639     
          99   1822.71381781559     
         100   1833.38869059258     
         101   1839.09795548513     
         102   1843.41854332596     
         103   1856.99884974072     
         104   1869.86117204215     
         105   1883.45240229042     
         107   1889.03707711140     
         108   1891.49719874871     
         109   1893.64995496859     
         110   1903.27711721633     
         112   1913.68540874903     
         113   1941.57649270135     
         114   1994.94771002069     
         115   2025.22040135143     
         116   2058.76541616324     
         117   2085.99111161228     
         118   2116.97463061756     
         119   2153.48146978675     
         120   2168.99733204401     
         121   2198.39368117378     
         122   2211.46766539478     
         123   2222.99785188259     
         124   2240.27216573709     
         125   2250.43770648627     
         126   2288.19385603219     
         127   2311.02145099255     
         128   2323.21595627764     
         129   2328.46388341836     
         130   2333.24363946396     
         131   2343.20828856312     
         132   2366.36022808180     
         133   2370.09897369908     
         135   2383.30815419513     
         136   2392.67002436166     
         137   2394.10314509658     
         138   2400.86296500592     
         140   2407.95061695573     
         141   2420.03427744661     
         142   2455.08350539857     
         143   2470.91043230944     
         144   2482.82076202452     
         145   2495.43036570656     
         146   2507.98279747658     
         147   2529.42297860946     
         148   2540.80231243945     
         149   2570.57702943543     
         150   2597.13104550668     
         151   2612.51959874596     
         152   2614.63521786556     
         153   2636.15160960160     
         154   2687.69858157432     
         155   2716.09845000117     
         156   2720.69689606595     
         157   2733.23524843096     
         158   2738.41760006166     
         159   2750.95686236917     
         160   2761.48639759994     
         161   2767.46492200648     
         163   2771.29322701040     
         164   2781.98255547884     
         165   2785.16467551666     
         166   2791.74910122134     
         168   2808.00000000000     
