           1           2   4.02485880431899       -3.10972891254806     
  -1.71117931820259     
           2           2   1.74469252758066        3.32508137971192     
  -4.43849200172148     
           3           2   3.70969873171504      -0.880055971049186     
   2.38539399877132     
           4           2   1.89482603651099       -4.74226161802567     
  -1.32025840092248     
           5           2  -3.45239287530156      -5.494918451451981E-002
  -1.69150673140952     
           6           2   5.58618031169788       -5.11082729955115     
 -0.723749893505045     
           7           2   1.72488085955914       -2.59721679400993     
  -4.10387166291433     
           8           1 -0.470301326958059       -1.77415613792424     
  -2.83565976324207     
           9           1  0.473698910089184       -3.83626735679404     
  -1.22474840301352     
          10           1   2.04455614128193       -5.16504621091587     
  4.524830962186224E-002
          11           1  -3.67814884780254        3.68228499084389     
   1.52698558645732     
          12           1  -2.88889467818450       -1.65625679527793     
  0.795966109899470     
          13           1  -1.11860103556556      -0.417330201654929     
   6.74572202553977     
          14           1  -2.66732718458065       0.637589599104043     
  -2.38944312915121     
          15           4 -0.968051442929756        2.27415637652497     
 -0.623690241038525     
          16           4 -0.218910077201349        2.57002704552519     
   2.20944673351176     
          17           4  8.379816989301486E-002  -1.58380792352768     
 -0.204947722667902     
          18           4  -1.47033787412288        3.24449104900286     
 -0.179934299675933     
          19           4  0.584226879228791        2.50257445727856     
   2.20415678909086     
          20           4   1.19130326067026       -2.29095634721785     
  0.349170041717229     
          21           4   1.33421169117256       -1.72753099575554     
 -0.631435092853726     
          23          28 -0.440928004462068      -0.615056493043295     
 -2.294908820814201E-002
          24          23 -0.237551456497876       0.631352133737957     
 -4.314796119269550E-002
          25          27  0.774029317682342      -0.515463019028298     
   2.06295738951785     
          26          28   2.62658009478878       -1.92732443952268     
  -1.40774074691808     
          28          18   1.78414648278848       -1.29003556648731     
   4.70191638261455     
          29           2   1.44468526902387        5.22016071426122     
  -4.24400569270330     
          30           2  -4.16277235645219        2.04985875923030     
  -1.89915614036851     
          31           2   1.51190432631107        4.97934314813888     
  -3.32812803715692     
          32           2  -5.70376800973893        1.85837540082001     
   1.55043782662017     
          33           2  -2.36915206964587        3.04098575642235     
  -2.25344277774262     
          34           2  -2.04620626774197       -2.81266526411284     
   5.90911426803885     
          35           2   2.53008099381251      -0.830349954940245     
   3.42482182926852     
          36           1 -0.931347405832308        4.63570562762797     
   1.12539412455750     
          37           1  -1.34965271562604      -0.377088516336841     
  5.155890855245647E-002
          38           1 -0.901387542131823       -2.60491604886180     
   2.23710175972925     
          39           1  -3.13241294100578       0.177821990178422     
   1.72266312070843     
          40           1 -0.238911796464374       -1.74250821091122     
   2.73982754330394     
          41           1   1.25231900943340       -2.24510895301507     
  -1.75047731901730     
          42           1   1.37051388784668        2.91297481180193     
   1.32549897272487     
          43           4  -2.58031433832009      -0.241354880787385     
  -2.34978079294514     
          44           4  -1.14982592363288       -1.25400864673688     
   2.10310421523900     
          45           4   1.39247513513664        2.95743649950030     
 -0.490525814630882     
          46           4 -0.443405747460102      -0.108045095349219     
   1.18252314975834     
          47           4   1.43181166463397       -1.03689110553021     
 -0.415370801278091     
          48           4  0.192815726445491        1.12116600669616     
  1.542097354107725E-002
          49           4   1.13497656806456      -0.599325298916522     
 -7.508268350258385E-002
          51          28  0.913873442765495       -1.59037746663931     
  0.247015608957005     
          52          23  -2.11226894733461       -1.40170245084619     
 -0.300397209818773     
          53          27   1.94699672259617        5.21424461674568     
  -3.59870246161479     
          54          28  -3.10776930073281        6.36660878157144     
  0.136173153747113     
          56          18 -6.788414232339623E-002 -0.428242978323058     
  -3.02927952062416     
          57           2  -2.04037284437414      -0.485328975933039     
   2.72656613211630     
          58           2 -0.452744095118885        1.66887868499247     
  -2.90382141765967     
          59           2  0.807264443280994       -3.89179790207338     
  -3.13289286683959     
          60           2  -1.92090272445462       0.328077569038811     
  -1.65835659203424     
          61           2   2.00891930357426       -3.99566995062146     
   1.72732852558720     
          62           2  -1.34334386115673      -0.968043223104556     
  -3.13116423774408     
          63           2 -0.396611190561024       -3.15688643726338     
   1.88602777775430     
          64           1   1.37940500559854       -1.86093573528793     
  -3.67904298896757     
          65           1  0.564775283469709       -1.69464414016852     
  0.474728793522568     
          66           1  -2.38341495200274        4.65123625083354     
  -4.68894122641420     
          67           1   1.53910679666005      -0.956317494387022     
   2.36063142349302     
          68           1 -0.796068528795048       1.530321882981545E-002
  0.776937681761206     
          69           1  0.436688157794420        2.14116247682742     
 -0.270614029153751     
          70           1 -0.219627105322955       0.900015027007527     
  -1.13131901000166     
          71           4 -0.462587531025561        1.96386589650182     
  0.206255880478115     
          72           4  -2.12617687754975        1.70464932798119     
 -0.565374610978652     
          73           4  -1.64038827107867        2.26975206070007     
 -0.942403112320185     
          74           4  -1.16689214848067       0.463444349064010     
  0.746417643740721     
          75           4  0.802264229531524       -1.24735649412667     
   1.79762848733747     
          76           4 -0.132467453267101      -0.260476909556907     
 -0.262293800560247     
          77           4 -0.465186870800965        1.10695800777183     
  0.636168526497718     
          79          28   4.83889035103389       -2.89863016995877     
  -4.39375104955215     
          80          23  -3.67046438108976        3.26865279121821     
   1.89733144969903     
          81          27  -2.66821005833962       -3.76914032915392     
   1.59605360774907     
          82          28   5.53725839473986       -3.18406722768548     
   3.34429898827096     
          84          18   4.26837272313590       -4.60696008642333     
   3.16308643415284     
          85           2  -5.72125483953655      -0.411352590609120     
 -0.226989186587847     
          86           2   1.06420525441447        4.67672486865629     
   1.61090043200857     
          87           2   5.53019203222034       -3.55802241255657     
   2.94218647345577     
          88           2  -1.41700450357069        2.04184371580535     
  -3.42307858017424     
          89           2   5.42533327072790       -2.47379032491893     
  0.219374433210536     
          90           2   3.94709825498728       -4.25021275500987     
  -3.82090443240798     
          91           2 -0.631909532774431       -1.94999663705878     
  -2.74148018497414     
          92           1   4.17042922581419       -1.81432198255680     
  0.119085030081062     
          93           1  0.873115716680476        3.06771626247722     
  1.322966325411023E-005
          94           1   1.80574737365871      -0.712821096861882     
   1.40039265377762     
          95           1   1.10336252944086       -1.18693167015871     
  0.662071569651414     
          96           1  0.541840653219580        1.42009537648753     
 -9.430770084822730E-002
          97           1  0.904976269631036        1.75167725188663     
  -1.84448570996751     
          98           1  -1.78786157640664       -1.90094292933472     
  0.306689379488746     
          99           4  -1.65186504701986       -1.93874023354187     
 -0.898874030289344     
         100           4   1.01020281198267      -0.509752758893407     
 -0.817458221945171     
         101           4 -0.148182699288042       0.222907162005635     
 -0.758897311241508     
         102           4 -6.748906267439446E-002  0.324531203695899     
  0.438433060175061     
         103           4 -0.659726938353216       0.821468010012106     
   1.49968139012923     
         104           4 -0.700299636246695        2.01783124376954     
 -0.693335702612150     
         105           4   1.04011149502829       -1.65202726077876     
  -5.32876800112161     
         107          28  0.460163810913469        2.21151965057491     
  -5.46391329525192     
         108          23  -1.82356045726115        3.52901142182234     
  -4.79127212407303     
         109          27 -0.952246487913943        5.04590127423277     
   2.25178914592367     
         110          28  -2.97580479352804       -1.56870396251425     
   4.94585576828973     
         112          18   2.00453647326817      -0.543870191009922     
  -3.34924355542877     
         113           2  -3.18459799764967       -2.62860250981740     
   3.51774918711104     
         114           2   1.45336560698744        2.42722328546266     
  -2.25463673952767     
         115           2  -2.89647937183939      -0.499573663272274     
  -1.70369058795844     
         116           2  -1.99019652008847        2.99521849474525     
  -2.08791509408819     
         117           2 -0.200354680792521       -2.75274298567569     
   1.59936878872307     
         118           2  -4.46689244407704      -0.629855140104186     
   4.17661320748510     
         119           2  -2.36143331829307        2.22919391793087     
   1.30669987029030     
         120           1   2.26420647383403      -0.465295659725614     
  -1.09658431743302     
         121           1 -0.658864829631688       -1.54294810555827     
 -4.616341271885033E-002
         122           1  -1.54857249553794      -0.408167946700999     
 -3.074680852831900E-002
         123           1   2.10871565496113      -0.762162452380342     
 -0.566690351418790     
         124           1   2.10437929086251       -2.76974319672775     
  0.572141422596396     
         125           1  -1.18151734958985       0.780676524691230     
 -3.744815389132117E-002
         126           1   1.29811552414332       -1.21898230058462     
  -1.19912624080771     
         127           4   1.11908788479260      -0.752414502647830     
  0.803625077854298     
         128           4 -0.150642801967499       0.391184714620101     
  0.159351157363353     
         129           4  -1.28523060489295      -0.664218160154388     
 -0.515385058014410     
         130           4  -1.55315199429832      -0.615024801816824     
  0.802124225990430     
         131           4   1.58463230217007        2.04510052877675     
  -2.69442440510204     
         132           4  -2.77456571587345       -5.51989386047193     
  -1.51825770392464     
         133           4  0.424354503498495        4.13368332304154     
  -1.00423232664787     
         135          28 -0.135693155703964       7.076926301283283E-002
   3.81278406951050     
         136          23  -1.98114455549562       0.567342510485687     
  -3.20123626645446     
         137          27   3.70193212860050       -2.11722492077254     
  -2.56335172852553     
         138          28  -1.42640095962007       -1.45444855608928     
   2.69085195702632     
         140          18   1.22565743608465        4.08038541032983     
   2.90324222559159     
         141           2   3.10911093274181       -2.11923715528234     
  -1.11634236865551     
         142           2 -0.351017775669717       0.664631863527115     
   1.24610908976750     
         143           2 -0.269329941133217        2.99422469944227     
   3.53553524911861     
         144           2  0.175067797883263        6.75584795268164     
  -2.43442811552397     
         145           2   3.56788593722178       -1.53665649543146     
  0.391197989091377     
         146           2 -2.173369537212851E-002   1.37385270856969     
  0.761812365607325     
         147           2  -1.79829532195480       -1.86888152896955     
  6.008553814222299E-002
         148           1  -1.45388654320635      -0.194099125625248     
  0.793891271899880     
         149           1  0.174546709496605      -0.358394470318149     
  -2.56354632972219     
         150           1 -0.436847743522283       -1.73857551228687     
  -1.56155168872076     
         151           1   1.19360810335745      -0.274024919843620     
  -1.30739991196443     
         152           1 -0.953590663717434       0.103687034668016     
 -0.644732287126173     
         153           1  0.622810827647657        1.31622507263747     
 -0.832694337732753     
         154           1 -0.556947511653408       9.775532342773591E-002
  0.356095536154018     
         155           4 -0.320184574821441        1.31597266614958     
 -0.680532697976324     
         156           4   2.45219038177972       -1.23750925493867     
  0.573437569163948     
         157           4  -3.10972891254806       -1.71117931820259     
  0.000000000000000E+000
         158           4   3.32508137971192       -4.43849200172148     
  0.000000000000000E+000
         159           4 -0.880055971049186        2.38539399877132     
  0.000000000000000E+000
         160           4  -4.74226161802567       -1.32025840092248     
   4.02485880431899     
         161           4 -5.494918451451981E-002  -1.69150673140952     
  -3.10972891254806     
         163          28  -2.59721679400993       -4.10387166291433     
  0.000000000000000E+000
         164          23  -1.77415613792424       -2.83565976324207     
  0.000000000000000E+000
         165          27  -3.83626735679404       -1.22474840301352     
  0.000000000000000E+000
         166          28  -5.16504621091587       4.524830962186224E-002
   1.74469252758066     
         168          18  -1.65625679527793       0.795966109899470     
  -4.43849200172148     
